/Users/weisiyuan/src/edk2/Build/Clover/RELEASE_XCODE8/X64/MdePkg/Library/BasePcdLibNull/BasePcdLibNull/OUTPUT/BasePcdLibNull.lib
/Users/weisiyuan/src/edk2/Build/Clover/RELEASE_XCODE8/X64/MdePkg/Library/BaseDebugLibNull/BaseDebugLibNull/OUTPUT/BaseDebugLibNull.lib
/Users/weisiyuan/src/edk2/Build/Clover/RELEASE_XCODE8/X64/MdePkg/Library/BaseLib/BaseLib/OUTPUT/BaseLib.lib
/Users/weisiyuan/src/edk2/Build/Clover/RELEASE_XCODE8/X64/MdePkg/Library/UefiMemoryLib/UefiMemoryLib/OUTPUT/UefiMemoryLib.lib
/Users/weisiyuan/src/edk2/Build/Clover/RELEASE_XCODE8/X64/MdePkg/Library/UefiBootServicesTableLib/UefiBootServicesTableLib/OUTPUT/UefiBootServicesTableLib.lib
/Users/weisiyuan/src/edk2/Build/Clover/RELEASE_XCODE8/X64/MdePkg/Library/BasePrintLib/BasePrintLib/OUTPUT/BasePrintLib.lib
/Users/weisiyuan/src/edk2/Build/Clover/RELEASE_XCODE8/X64/MdePkg/Library/UefiMemoryAllocationLib/UefiMemoryAllocationLib/OUTPUT/UefiMemoryAllocationLib.lib
/Users/weisiyuan/src/edk2/Build/Clover/RELEASE_XCODE8/X64/MdePkg/Library/BaseIoLibIntrinsic/BaseIoLibIntrinsic/OUTPUT/BaseIoLibIntrinsic.lib
/Users/weisiyuan/src/edk2/Build/Clover/RELEASE_XCODE8/X64/MdePkg/Library/UefiRuntimeServicesTableLib/UefiRuntimeServicesTableLib/OUTPUT/UefiRuntimeServicesTableLib.lib
/Users/weisiyuan/src/edk2/Build/Clover/RELEASE_XCODE8/X64/MdePkg/Library/UefiDevicePathLib/UefiDevicePathLib/OUTPUT/UefiDevicePathLib.lib
/Users/weisiyuan/src/edk2/Build/Clover/RELEASE_XCODE8/X64/MdePkg/Library/BasePciCf8Lib/BasePciCf8Lib/OUTPUT/BasePciCf8Lib.lib
/Users/weisiyuan/src/edk2/Build/Clover/RELEASE_XCODE8/X64/MdePkg/Library/UefiLib/UefiLib/OUTPUT/UefiLib.lib
/Users/weisiyuan/src/edk2/Build/Clover/RELEASE_XCODE8/X64/MdePkg/Library/BasePciLibCf8/BasePciLibCf8/OUTPUT/BasePciLibCf8.lib
/Users/weisiyuan/src/edk2/Build/Clover/RELEASE_XCODE8/X64/MdePkg/Library/DxeHobLib/DxeHobLib/OUTPUT/DxeHobLib.lib
/Users/weisiyuan/src/edk2/Build/Clover/RELEASE_XCODE8/X64/MdePkg/Library/BasePeCoffExtraActionLibNull/BasePeCoffExtraActionLibNull/OUTPUT/PeCoffExtraActionLibNull.lib
/Users/weisiyuan/src/edk2/Build/Clover/RELEASE_XCODE8/X64/Clover/Library/MemLogLibDefault/MemLogLibDefault/OUTPUT/MemLogLibDefault.lib
/Users/weisiyuan/src/edk2/Build/Clover/RELEASE_XCODE8/X64/MdePkg/Library/UefiApplicationEntryPoint/UefiApplicationEntryPoint/OUTPUT/UefiApplicationEntryPoint.lib
/Users/weisiyuan/src/edk2/Build/Clover/RELEASE_XCODE8/X64/MdePkg/Library/DxeServicesLib/DxeServicesLib/OUTPUT/DxeServicesLib.lib
/Users/weisiyuan/src/edk2/Build/Clover/RELEASE_XCODE8/X64/MdePkg/Library/DxeServicesTableLib/DxeServicesTableLib/OUTPUT/DxeServicesTableLib.lib
/Users/weisiyuan/src/edk2/Build/Clover/RELEASE_XCODE8/X64/Clover/Library/VBoxPeCoffLib/VBoxPeCoffLib/OUTPUT/VBoxPeCoffLib.lib
/Users/weisiyuan/src/edk2/Build/Clover/RELEASE_XCODE8/X64/Clover/Library/VideoBiosPatchLib/VideoBiosPatchLib/OUTPUT/VideoBiosPatchLib.lib
/Users/weisiyuan/src/edk2/Build/Clover/RELEASE_XCODE8/X64/Clover/Library/OpensslLib/OpensslLibNull/OUTPUT/OpensslLib.lib
/Users/weisiyuan/src/edk2/Build/Clover/RELEASE_XCODE8/X64/MdeModulePkg/Library/DxeNetLib/DxeNetLib/OUTPUT/DxeNetLib.lib
/Users/weisiyuan/src/edk2/Build/Clover/RELEASE_XCODE8/X64/Clover/Library/WaveLib/WaveLib/OUTPUT/WaveLib.lib
/Users/weisiyuan/src/edk2/Build/Clover/RELEASE_XCODE8/X64/Clover/rEFIt_UEFI/refit/OUTPUT/CLOVER.lib