/Users/weisiyuan/src/edk2/Build/Clover/RELEASE_XCODE8/X64/MdePkg/Library/BasePcdLibNull/BasePcdLibNull/OUTPUT/BasePcdLibNull.lib
/Users/weisiyuan/src/edk2/Build/Clover/RELEASE_XCODE8/X64/MdePkg/Library/BaseDebugLibNull/BaseDebugLibNull/OUTPUT/BaseDebugLibNull.lib
/Users/weisiyuan/src/edk2/Build/Clover/RELEASE_XCODE8/X64/MdePkg/Library/BaseMemoryLib/BaseMemoryLib/OUTPUT/BaseMemoryLib.lib
/Users/weisiyuan/src/edk2/Build/Clover/RELEASE_XCODE8/X64/MdePkg/Library/BaseLib/BaseLib/OUTPUT/BaseLib.lib
/Users/weisiyuan/src/edk2/Build/Clover/RELEASE_XCODE8/X64/MdePkg/Library/UefiBootServicesTableLib/UefiBootServicesTableLib/OUTPUT/UefiBootServicesTableLib.lib
/Users/weisiyuan/src/edk2/Build/Clover/RELEASE_XCODE8/X64/MdePkg/Library/BasePrintLib/BasePrintLib/OUTPUT/BasePrintLib.lib
/Users/weisiyuan/src/edk2/Build/Clover/RELEASE_XCODE8/X64/MdePkg/Library/UefiMemoryAllocationLib/UefiMemoryAllocationLib/OUTPUT/UefiMemoryAllocationLib.lib
/Users/weisiyuan/src/edk2/Build/Clover/RELEASE_XCODE8/X64/MdePkg/Library/UefiDevicePathLib/UefiDevicePathLib/OUTPUT/UefiDevicePathLib.lib
/Users/weisiyuan/src/edk2/Build/Clover/RELEASE_XCODE8/X64/MdePkg/Library/UefiRuntimeServicesTableLib/UefiRuntimeServicesTableLib/OUTPUT/UefiRuntimeServicesTableLib.lib
/Users/weisiyuan/src/edk2/Build/Clover/RELEASE_XCODE8/X64/MdePkg/Library/UefiLib/UefiLib/OUTPUT/UefiLib.lib
/Users/weisiyuan/src/edk2/Build/Clover/RELEASE_XCODE8/X64/MdePkg/Library/BaseIoLibIntrinsic/BaseIoLibIntrinsic/OUTPUT/BaseIoLibIntrinsic.lib
/Users/weisiyuan/src/edk2/Build/Clover/RELEASE_XCODE8/X64/MdePkg/Library/DxeHobLib/DxeHobLib/OUTPUT/DxeHobLib.lib
/Users/weisiyuan/src/edk2/Build/Clover/RELEASE_XCODE8/X64/Clover/Library/DuetTimerLib/DuetTimerLib/OUTPUT/DuetTimerLib.lib
/Users/weisiyuan/src/edk2/Build/Clover/RELEASE_XCODE8/X64/MdePkg/Library/BaseSynchronizationLib/BaseSynchronizationLib/OUTPUT/BaseSynchronizationLib.lib
/Users/weisiyuan/src/edk2/Build/Clover/RELEASE_XCODE8/X64/MdePkg/Library/UefiRuntimeLib/UefiRuntimeLib/OUTPUT/UefiRuntimeLib.lib
/Users/weisiyuan/src/edk2/Build/Clover/RELEASE_XCODE8/X64/MdePkg/Library/DxeServicesTableLib/DxeServicesTableLib/OUTPUT/DxeServicesTableLib.lib
/Users/weisiyuan/src/edk2/Build/Clover/RELEASE_XCODE8/X64/MdePkg/Library/UefiDriverEntryPoint/UefiDriverEntryPoint/OUTPUT/UefiDriverEntryPoint.lib
/Users/weisiyuan/src/edk2/Build/Clover/RELEASE_XCODE8/X64/MdeModulePkg/Library/TpmMeasurementLibNull/TpmMeasurementLibNull/OUTPUT/TpmMeasurementLibNull.lib
/Users/weisiyuan/src/edk2/Build/Clover/RELEASE_XCODE8/X64/MdeModulePkg/Library/AuthVariableLibNull/AuthVariableLibNull/OUTPUT/AuthVariableLibNull.lib
/Users/weisiyuan/src/edk2/Build/Clover/RELEASE_XCODE8/X64/MdeModulePkg/Library/VarCheckLib/VarCheckLib/OUTPUT/VarCheckLib.lib
/Users/weisiyuan/src/edk2/Build/Clover/RELEASE_XCODE8/X64/MdeModulePkg/Universal/Variable/RuntimeDxe/VariableRuntimeDxe/OUTPUT/VariableRuntimeDxe.lib