/Users/weisiyuan/src/edk2/Build/Clover/RELEASE_XCODE8/X64/MdePkg/Library/DxePcdLib/DxePcdLib/OUTPUT/DxePcdLib.lib
/Users/weisiyuan/src/edk2/Build/Clover/RELEASE_XCODE8/X64/MdePkg/Library/BaseDebugLibNull/BaseDebugLibNull/OUTPUT/BaseDebugLibNull.lib
/Users/weisiyuan/src/edk2/Build/Clover/RELEASE_XCODE8/X64/MdePkg/Library/BaseMemoryLib/BaseMemoryLib/OUTPUT/BaseMemoryLib.lib
/Users/weisiyuan/src/edk2/Build/Clover/RELEASE_XCODE8/X64/MdePkg/Library/BaseLib/BaseLib/OUTPUT/BaseLib.lib
/Users/weisiyuan/src/edk2/Build/Clover/RELEASE_XCODE8/X64/MdePkg/Library/UefiBootServicesTableLib/UefiBootServicesTableLib/OUTPUT/UefiBootServicesTableLib.lib
/Users/weisiyuan/src/edk2/Build/Clover/RELEASE_XCODE8/X64/MdePkg/Library/BasePrintLib/BasePrintLib/OUTPUT/BasePrintLib.lib
/Users/weisiyuan/src/edk2/Build/Clover/RELEASE_XCODE8/X64/MdePkg/Library/UefiMemoryAllocationLib/UefiMemoryAllocationLib/OUTPUT/UefiMemoryAllocationLib.lib
/Users/weisiyuan/src/edk2/Build/Clover/RELEASE_XCODE8/X64/MdePkg/Library/UefiRuntimeServicesTableLib/UefiRuntimeServicesTableLib/OUTPUT/UefiRuntimeServicesTableLib.lib
/Users/weisiyuan/src/edk2/Build/Clover/RELEASE_XCODE8/X64/MdePkg/Library/UefiDevicePathLib/UefiDevicePathLib/OUTPUT/UefiDevicePathLib.lib
/Users/weisiyuan/src/edk2/Build/Clover/RELEASE_XCODE8/X64/MdePkg/Library/UefiLib/UefiLib/OUTPUT/UefiLib.lib
/Users/weisiyuan/src/edk2/Build/Clover/RELEASE_XCODE8/X64/MdePkg/Library/DxeHobLib/DxeHobLib/OUTPUT/DxeHobLib.lib
/Users/weisiyuan/src/edk2/Build/Clover/RELEASE_XCODE8/X64/MdePkg/Library/BaseIoLibIntrinsic/BaseIoLibIntrinsic/OUTPUT/BaseIoLibIntrinsic.lib
/Users/weisiyuan/src/edk2/Build/Clover/RELEASE_XCODE8/X64/Clover/Library/UefiHiiServicesLib/UefiHiiServicesLib/OUTPUT/UefiHiiServicesLib.lib
/Users/weisiyuan/src/edk2/Build/Clover/RELEASE_XCODE8/X64/MdePkg/Library/DxeServicesLib/DxeServicesLib/OUTPUT/DxeServicesLib.lib
/Users/weisiyuan/src/edk2/Build/Clover/RELEASE_XCODE8/X64/Clover/Library/DuetTimerLib/DuetTimerLib/OUTPUT/DuetTimerLib.lib
/Users/weisiyuan/src/edk2/Build/Clover/RELEASE_XCODE8/X64/MdePkg/Library/DxeServicesTableLib/DxeServicesTableLib/OUTPUT/DxeServicesTableLib.lib
/Users/weisiyuan/src/edk2/Build/Clover/RELEASE_XCODE8/X64/MdePkg/Library/BasePeCoffGetEntryPointLib/BasePeCoffGetEntryPointLib/OUTPUT/BasePeCoffGetEntryPointLib.lib
/Users/weisiyuan/src/edk2/Build/Clover/RELEASE_XCODE8/X64/MdeModulePkg/Library/UefiHiiLib/UefiHiiLib/OUTPUT/UefiHiiLib.lib
/Users/weisiyuan/src/edk2/Build/Clover/RELEASE_XCODE8/X64/MdePkg/Library/BasePerformanceLibNull/BasePerformanceLibNull/OUTPUT/BasePerformanceLibNull.lib
/Users/weisiyuan/src/edk2/Build/Clover/RELEASE_XCODE8/X64/MdePkg/Library/BaseReportStatusCodeLibNull/BaseReportStatusCodeLibNull/OUTPUT/BaseReportStatusCodeLibNull.lib
/Users/weisiyuan/src/edk2/Build/Clover/RELEASE_XCODE8/X64/Clover/Library/GenericBdsLib/GenericBdsLib/OUTPUT/GenericBdsLib.lib
/Users/weisiyuan/src/edk2/Build/Clover/RELEASE_XCODE8/X64/MdePkg/Library/UefiDriverEntryPoint/UefiDriverEntryPoint/OUTPUT/UefiDriverEntryPoint.lib
/Users/weisiyuan/src/edk2/Build/Clover/RELEASE_XCODE8/X64/Clover/Library/OsxBdsPlatformLib/PlatformBds/OUTPUT/DuetBds.lib
/Users/weisiyuan/src/edk2/Build/Clover/RELEASE_XCODE8/X64/MdeModulePkg/Library/DxeCapsuleLibNull/DxeCapsuleLibNull/OUTPUT/DxeCapsuleLibNull.lib
/Users/weisiyuan/src/edk2/Build/Clover/RELEASE_XCODE8/X64/Clover/CloverEFI/OsxBdsDxe/BdsDxe/OUTPUT/BdsDxe.lib